2014/09/07 10:32:07	C:\Users\PASEO\Desktop\Paseo\02_ソース\次期システム\Freemarket\FreeMarket.NET\AssemblyInfo.vb　解析開始
2014/09/07 10:32:07	C:\Users\PASEO\Desktop\Paseo\02_ソース\次期システム\Freemarket\FreeMarket.NET\AssemblyInfo.vb
2014/09/07 10:32:07	
2014/09/07 10:32:07	C:\Users\PASEO\Desktop\Paseo\02_ソース\次期システム\Freemarket\FreeMarket.NET\ClsSpreadCommon.vb　解析開始
2014/09/07 10:32:07	C:\Users\PASEO\Desktop\Paseo\02_ソース\次期システム\Freemarket\FreeMarket.NET\ClsSpreadCommon.vb
2014/09/07 10:32:07	
2014/09/07 10:32:07	C:\Users\PASEO\Desktop\Paseo\02_ソース\次期システム\Freemarket\FreeMarket.NET\frm00000.vb　解析開始
2014/09/07 10:32:07	C:\Users\PASEO\Desktop\Paseo\02_ソース\次期システム\Freemarket\FreeMarket.NET\frm00000.vb
2014/09/07 10:32:07	
2014/09/07 10:32:07	C:\Users\PASEO\Desktop\Paseo\02_ソース\次期システム\Freemarket\FreeMarket.NET\frm000001.vb　解析開始
2014/09/07 10:32:07	C:\Users\PASEO\Desktop\Paseo\02_ソース\次期システム\Freemarket\FreeMarket.NET\frm000001.vb
2014/09/07 10:32:07	
2014/09/07 10:32:07	C:\Users\PASEO\Desktop\Paseo\02_ソース\次期システム\Freemarket\FreeMarket.NET\frm000099.vb　解析開始
2014/09/07 10:32:07	C:\Users\PASEO\Desktop\Paseo\02_ソース\次期システム\Freemarket\FreeMarket.NET\frm000099.vb
2014/09/07 10:32:07	
2014/09/07 10:32:07	C:\Users\PASEO\Desktop\Paseo\02_ソース\次期システム\Freemarket\FreeMarket.NET\frm00100.vb　解析開始
2014/09/07 10:32:07	C:\Users\PASEO\Desktop\Paseo\02_ソース\次期システム\Freemarket\FreeMarket.NET\frm00100.vb
2014/09/07 10:32:07	
2014/09/07 10:32:07	C:\Users\PASEO\Desktop\Paseo\02_ソース\次期システム\Freemarket\FreeMarket.NET\frm001001.vb　解析開始
2014/09/07 10:32:07	C:\Users\PASEO\Desktop\Paseo\02_ソース\次期システム\Freemarket\FreeMarket.NET\frm001001.vb
2014/09/07 10:32:07	
2014/09/07 10:32:07	C:\Users\PASEO\Desktop\Paseo\02_ソース\次期システム\Freemarket\FreeMarket.NET\frm001001001.vb　解析開始
2014/09/07 10:32:07	C:\Users\PASEO\Desktop\Paseo\02_ソース\次期システム\Freemarket\FreeMarket.NET\frm001001001.vb
2014/09/07 10:32:07	
2014/09/07 10:32:07	C:\Users\PASEO\Desktop\Paseo\02_ソース\次期システム\Freemarket\FreeMarket.NET\frm001002.vb　解析開始
2014/09/07 10:32:07	C:\Users\PASEO\Desktop\Paseo\02_ソース\次期システム\Freemarket\FreeMarket.NET\frm001002.vb
2014/09/07 10:32:07	
2014/09/07 10:32:07	C:\Users\PASEO\Desktop\Paseo\02_ソース\次期システム\Freemarket\FreeMarket.NET\frm001003.vb　解析開始
2014/09/07 10:32:07	C:\Users\PASEO\Desktop\Paseo\02_ソース\次期システム\Freemarket\FreeMarket.NET\frm001003.vb
2014/09/07 10:32:07	
2014/09/07 10:32:07	C:\Users\PASEO\Desktop\Paseo\02_ソース\次期システム\Freemarket\FreeMarket.NET\frm001003001.vb　解析開始
2014/09/07 10:32:07	C:\Users\PASEO\Desktop\Paseo\02_ソース\次期システム\Freemarket\FreeMarket.NET\frm001003001.vb
2014/09/07 10:32:07	
2014/09/07 10:32:07	C:\Users\PASEO\Desktop\Paseo\02_ソース\次期システム\Freemarket\FreeMarket.NET\frm001003002.vb　解析開始
2014/09/07 10:32:07	C:\Users\PASEO\Desktop\Paseo\02_ソース\次期システム\Freemarket\FreeMarket.NET\frm001003002.vb
2014/09/07 10:32:07	
2014/09/07 10:32:07	C:\Users\PASEO\Desktop\Paseo\02_ソース\次期システム\Freemarket\FreeMarket.NET\frm001004.vb　解析開始
2014/09/07 10:32:07	C:\Users\PASEO\Desktop\Paseo\02_ソース\次期システム\Freemarket\FreeMarket.NET\frm001004.vb
2014/09/07 10:32:07	
2014/09/07 10:32:07	C:\Users\PASEO\Desktop\Paseo\02_ソース\次期システム\Freemarket\FreeMarket.NET\frm001005.vb　解析開始
2014/09/07 10:32:07	C:\Users\PASEO\Desktop\Paseo\02_ソース\次期システム\Freemarket\FreeMarket.NET\frm001005.vb
2014/09/07 10:32:07	
2014/09/07 10:32:07	C:\Users\PASEO\Desktop\Paseo\02_ソース\次期システム\Freemarket\FreeMarket.NET\frm001005001.vb　解析開始
2014/09/07 10:32:07	C:\Users\PASEO\Desktop\Paseo\02_ソース\次期システム\Freemarket\FreeMarket.NET\frm001005001.vb
2014/09/07 10:32:07	
2014/09/07 10:32:07	C:\Users\PASEO\Desktop\Paseo\02_ソース\次期システム\Freemarket\FreeMarket.NET\frm001005002.vb　解析開始
2014/09/07 10:32:07	C:\Users\PASEO\Desktop\Paseo\02_ソース\次期システム\Freemarket\FreeMarket.NET\frm001005002.vb
2014/09/07 10:32:07	
2014/09/07 10:32:07	C:\Users\PASEO\Desktop\Paseo\02_ソース\次期システム\Freemarket\FreeMarket.NET\frm001007.vb　解析開始
2014/09/07 10:32:07	C:\Users\PASEO\Desktop\Paseo\02_ソース\次期システム\Freemarket\FreeMarket.NET\frm001007.vb
2014/09/07 10:32:07	
2014/09/07 10:32:07	C:\Users\PASEO\Desktop\Paseo\02_ソース\次期システム\Freemarket\FreeMarket.NET\frm001007001.vb　解析開始
2014/09/07 10:32:07	C:\Users\PASEO\Desktop\Paseo\02_ソース\次期システム\Freemarket\FreeMarket.NET\frm001007001.vb
2014/09/07 10:32:07	
2014/09/07 10:32:07	C:\Users\PASEO\Desktop\Paseo\02_ソース\次期システム\Freemarket\FreeMarket.NET\frm001008.vb　解析開始
2014/09/07 10:32:07	C:\Users\PASEO\Desktop\Paseo\02_ソース\次期システム\Freemarket\FreeMarket.NET\frm001008.vb
2014/09/07 10:32:07	
2014/09/07 10:32:07	C:\Users\PASEO\Desktop\Paseo\02_ソース\次期システム\Freemarket\FreeMarket.NET\frm001009.vb　解析開始
2014/09/07 10:32:07	C:\Users\PASEO\Desktop\Paseo\02_ソース\次期システム\Freemarket\FreeMarket.NET\frm001009.vb
2014/09/07 10:32:07	
2014/09/07 10:32:07	C:\Users\PASEO\Desktop\Paseo\02_ソース\次期システム\Freemarket\FreeMarket.NET\frm001009001.vb　解析開始
2014/09/07 10:32:07	C:\Users\PASEO\Desktop\Paseo\02_ソース\次期システム\Freemarket\FreeMarket.NET\frm001009001.vb
2014/09/07 10:32:07	
2014/09/07 10:32:07	C:\Users\PASEO\Desktop\Paseo\02_ソース\次期システム\Freemarket\FreeMarket.NET\frm001010.vb　解析開始
2014/09/07 10:32:07	C:\Users\PASEO\Desktop\Paseo\02_ソース\次期システム\Freemarket\FreeMarket.NET\frm001010.vb
2014/09/07 10:32:07	
2014/09/07 10:32:07	C:\Users\PASEO\Desktop\Paseo\02_ソース\次期システム\Freemarket\FreeMarket.NET\frm00200.vb　解析開始
2014/09/07 10:32:07	C:\Users\PASEO\Desktop\Paseo\02_ソース\次期システム\Freemarket\FreeMarket.NET\frm00200.vb
2014/09/07 10:32:07	
2014/09/07 10:32:07	C:\Users\PASEO\Desktop\Paseo\02_ソース\次期システム\Freemarket\FreeMarket.NET\frm002001.vb　解析開始
2014/09/07 10:32:07	C:\Users\PASEO\Desktop\Paseo\02_ソース\次期システム\Freemarket\FreeMarket.NET\frm002001.vb
2014/09/07 10:32:07	
2014/09/07 10:32:07	C:\Users\PASEO\Desktop\Paseo\02_ソース\次期システム\Freemarket\FreeMarket.NET\frm002001001.vb　解析開始
2014/09/07 10:32:07	C:\Users\PASEO\Desktop\Paseo\02_ソース\次期システム\Freemarket\FreeMarket.NET\frm002001001.vb
2014/09/07 10:32:07	
2014/09/07 10:32:07	C:\Users\PASEO\Desktop\Paseo\02_ソース\次期システム\Freemarket\FreeMarket.NET\frm002002.vb　解析開始
2014/09/07 10:32:07	C:\Users\PASEO\Desktop\Paseo\02_ソース\次期システム\Freemarket\FreeMarket.NET\frm002002.vb
2014/09/07 10:32:07	
2014/09/07 10:32:07	C:\Users\PASEO\Desktop\Paseo\02_ソース\次期システム\Freemarket\FreeMarket.NET\frm002002001.vb　解析開始
2014/09/07 10:32:07	C:\Users\PASEO\Desktop\Paseo\02_ソース\次期システム\Freemarket\FreeMarket.NET\frm002002001.vb
2014/09/07 10:32:07	
2014/09/07 10:32:07	C:\Users\PASEO\Desktop\Paseo\02_ソース\次期システム\Freemarket\FreeMarket.NET\frm002005.vb　解析開始
2014/09/07 10:32:07	C:\Users\PASEO\Desktop\Paseo\02_ソース\次期システム\Freemarket\FreeMarket.NET\frm002005.vb
2014/09/07 10:32:07	
2014/09/07 10:32:07	C:\Users\PASEO\Desktop\Paseo\02_ソース\次期システム\Freemarket\FreeMarket.NET\frm002005001.vb　解析開始
2014/09/07 10:32:07	C:\Users\PASEO\Desktop\Paseo\02_ソース\次期システム\Freemarket\FreeMarket.NET\frm002005001.vb
2014/09/07 10:32:07	
2014/09/07 10:32:07	C:\Users\PASEO\Desktop\Paseo\02_ソース\次期システム\Freemarket\FreeMarket.NET\frm002005006.vb　解析開始
2014/09/07 10:32:07	C:\Users\PASEO\Desktop\Paseo\02_ソース\次期システム\Freemarket\FreeMarket.NET\frm002005006.vb
2014/09/07 10:32:07	
2014/09/07 10:32:07	C:\Users\PASEO\Desktop\Paseo\02_ソース\次期システム\Freemarket\FreeMarket.NET\frm002005007.vb　解析開始
2014/09/07 10:32:07	C:\Users\PASEO\Desktop\Paseo\02_ソース\次期システム\Freemarket\FreeMarket.NET\frm002005007.vb
2014/09/07 10:32:07	
2014/09/07 10:32:07	C:\Users\PASEO\Desktop\Paseo\02_ソース\次期システム\Freemarket\FreeMarket.NET\frm002006.vb　解析開始
2014/09/07 10:32:07	C:\Users\PASEO\Desktop\Paseo\02_ソース\次期システム\Freemarket\FreeMarket.NET\frm002006.vb
2014/09/07 10:32:07	
2014/09/07 10:32:07	C:\Users\PASEO\Desktop\Paseo\02_ソース\次期システム\Freemarket\FreeMarket.NET\frm002006001.vb　解析開始
2014/09/07 10:32:07	C:\Users\PASEO\Desktop\Paseo\02_ソース\次期システム\Freemarket\FreeMarket.NET\frm002006001.vb
2014/09/07 10:32:07	
2014/09/07 10:32:07	C:\Users\PASEO\Desktop\Paseo\02_ソース\次期システム\Freemarket\FreeMarket.NET\frm002007.vb　解析開始
2014/09/07 10:32:07	C:\Users\PASEO\Desktop\Paseo\02_ソース\次期システム\Freemarket\FreeMarket.NET\frm002007.vb
2014/09/07 10:32:07	
2014/09/07 10:32:07	C:\Users\PASEO\Desktop\Paseo\02_ソース\次期システム\Freemarket\FreeMarket.NET\frm002010.vb　解析開始
2014/09/07 10:32:07	C:\Users\PASEO\Desktop\Paseo\02_ソース\次期システム\Freemarket\FreeMarket.NET\frm002010.vb
2014/09/07 10:32:07	
2014/09/07 10:32:07	C:\Users\PASEO\Desktop\Paseo\02_ソース\次期システム\Freemarket\FreeMarket.NET\frm002011.vb　解析開始
2014/09/07 10:32:07	C:\Users\PASEO\Desktop\Paseo\02_ソース\次期システム\Freemarket\FreeMarket.NET\frm002011.vb
2014/09/07 10:32:07	
2014/09/07 10:32:07	C:\Users\PASEO\Desktop\Paseo\02_ソース\次期システム\Freemarket\FreeMarket.NET\frm002012.vb　解析開始
2014/09/07 10:32:07	C:\Users\PASEO\Desktop\Paseo\02_ソース\次期システム\Freemarket\FreeMarket.NET\frm002012.vb
2014/09/07 10:32:07	
2014/09/07 10:32:07	C:\Users\PASEO\Desktop\Paseo\02_ソース\次期システム\Freemarket\FreeMarket.NET\frm002013.vb　解析開始
2014/09/07 10:32:07	C:\Users\PASEO\Desktop\Paseo\02_ソース\次期システム\Freemarket\FreeMarket.NET\frm002013.vb
2014/09/07 10:32:07	
2014/09/07 10:32:07	C:\Users\PASEO\Desktop\Paseo\02_ソース\次期システム\Freemarket\FreeMarket.NET\frm002013001.vb　解析開始
2014/09/07 10:32:07	C:\Users\PASEO\Desktop\Paseo\02_ソース\次期システム\Freemarket\FreeMarket.NET\frm002013001.vb
2014/09/07 10:32:07	
2014/09/07 10:32:07	C:\Users\PASEO\Desktop\Paseo\02_ソース\次期システム\Freemarket\FreeMarket.NET\frm00300.vb　解析開始
2014/09/07 10:32:07	C:\Users\PASEO\Desktop\Paseo\02_ソース\次期システム\Freemarket\FreeMarket.NET\frm00300.vb
2014/09/07 10:32:07	
2014/09/07 10:32:07	C:\Users\PASEO\Desktop\Paseo\02_ソース\次期システム\Freemarket\FreeMarket.NET\frm003001.vb　解析開始
2014/09/07 10:32:07	C:\Users\PASEO\Desktop\Paseo\02_ソース\次期システム\Freemarket\FreeMarket.NET\frm003001.vb
2014/09/07 10:32:07	
2014/09/07 10:32:07	C:\Users\PASEO\Desktop\Paseo\02_ソース\次期システム\Freemarket\FreeMarket.NET\frm003001001.vb　解析開始
2014/09/07 10:32:07	C:\Users\PASEO\Desktop\Paseo\02_ソース\次期システム\Freemarket\FreeMarket.NET\frm003001001.vb
2014/09/07 10:32:07	
2014/09/07 10:32:07	C:\Users\PASEO\Desktop\Paseo\02_ソース\次期システム\Freemarket\FreeMarket.NET\frm003001002.vb　解析開始
2014/09/07 10:32:07	C:\Users\PASEO\Desktop\Paseo\02_ソース\次期システム\Freemarket\FreeMarket.NET\frm003001002.vb
2014/09/07 10:32:07	
2014/09/07 10:32:07	C:\Users\PASEO\Desktop\Paseo\02_ソース\次期システム\Freemarket\FreeMarket.NET\frm003002.vb　解析開始
2014/09/07 10:32:07	C:\Users\PASEO\Desktop\Paseo\02_ソース\次期システム\Freemarket\FreeMarket.NET\frm003002.vb
2014/09/07 10:32:07	
2014/09/07 10:32:07	C:\Users\PASEO\Desktop\Paseo\02_ソース\次期システム\Freemarket\FreeMarket.NET\frm003003.vb　解析開始
2014/09/07 10:32:07	C:\Users\PASEO\Desktop\Paseo\02_ソース\次期システム\Freemarket\FreeMarket.NET\frm003003.vb
2014/09/07 10:32:07	
2014/09/07 10:32:07	C:\Users\PASEO\Desktop\Paseo\02_ソース\次期システム\Freemarket\FreeMarket.NET\frm003003001.vb　解析開始
2014/09/07 10:32:07	C:\Users\PASEO\Desktop\Paseo\02_ソース\次期システム\Freemarket\FreeMarket.NET\frm003003001.vb
2014/09/07 10:32:07	
2014/09/07 10:32:07	C:\Users\PASEO\Desktop\Paseo\02_ソース\次期システム\Freemarket\FreeMarket.NET\frm003003002.vb　解析開始
2014/09/07 10:32:07	C:\Users\PASEO\Desktop\Paseo\02_ソース\次期システム\Freemarket\FreeMarket.NET\frm003003002.vb
2014/09/07 10:32:07	
2014/09/07 10:32:07	C:\Users\PASEO\Desktop\Paseo\02_ソース\次期システム\Freemarket\FreeMarket.NET\frm003004.vb　解析開始
2014/09/07 10:32:07	C:\Users\PASEO\Desktop\Paseo\02_ソース\次期システム\Freemarket\FreeMarket.NET\frm003004.vb
2014/09/07 10:32:07	
2014/09/07 10:32:07	C:\Users\PASEO\Desktop\Paseo\02_ソース\次期システム\Freemarket\FreeMarket.NET\frm003004001.vb　解析開始
2014/09/07 10:32:07	C:\Users\PASEO\Desktop\Paseo\02_ソース\次期システム\Freemarket\FreeMarket.NET\frm003004001.vb
2014/09/07 10:32:07	
2014/09/07 10:32:07	C:\Users\PASEO\Desktop\Paseo\02_ソース\次期システム\Freemarket\FreeMarket.NET\frm003004002.vb　解析開始
2014/09/07 10:32:07	C:\Users\PASEO\Desktop\Paseo\02_ソース\次期システム\Freemarket\FreeMarket.NET\frm003004002.vb
2014/09/07 10:32:07	
2014/09/07 10:32:07	C:\Users\PASEO\Desktop\Paseo\02_ソース\次期システム\Freemarket\FreeMarket.NET\frm003005.vb　解析開始
2014/09/07 10:32:07	C:\Users\PASEO\Desktop\Paseo\02_ソース\次期システム\Freemarket\FreeMarket.NET\frm003005.vb
2014/09/07 10:32:07	
2014/09/07 10:32:07	C:\Users\PASEO\Desktop\Paseo\02_ソース\次期システム\Freemarket\FreeMarket.NET\frm003006.vb　解析開始
2014/09/07 10:32:07	C:\Users\PASEO\Desktop\Paseo\02_ソース\次期システム\Freemarket\FreeMarket.NET\frm003006.vb
2014/09/07 10:32:07	
2014/09/07 10:32:07	C:\Users\PASEO\Desktop\Paseo\02_ソース\次期システム\Freemarket\FreeMarket.NET\frm003007.vb　解析開始
2014/09/07 10:32:07	C:\Users\PASEO\Desktop\Paseo\02_ソース\次期システム\Freemarket\FreeMarket.NET\frm003007.vb
2014/09/07 10:32:07	
2014/09/07 10:32:07	C:\Users\PASEO\Desktop\Paseo\02_ソース\次期システム\Freemarket\FreeMarket.NET\frm00400.vb　解析開始
2014/09/07 10:32:07	C:\Users\PASEO\Desktop\Paseo\02_ソース\次期システム\Freemarket\FreeMarket.NET\frm00400.vb
2014/09/07 10:32:07	
2014/09/07 10:32:07	C:\Users\PASEO\Desktop\Paseo\02_ソース\次期システム\Freemarket\FreeMarket.NET\frm004002.vb　解析開始
2014/09/07 10:32:07	C:\Users\PASEO\Desktop\Paseo\02_ソース\次期システム\Freemarket\FreeMarket.NET\frm004002.vb
2014/09/07 10:32:07	
2014/09/07 10:32:07	C:\Users\PASEO\Desktop\Paseo\02_ソース\次期システム\Freemarket\FreeMarket.NET\frm004002001.vb　解析開始
2014/09/07 10:32:07	C:\Users\PASEO\Desktop\Paseo\02_ソース\次期システム\Freemarket\FreeMarket.NET\frm004002001.vb
2014/09/07 10:32:07	
2014/09/07 10:32:07	C:\Users\PASEO\Desktop\Paseo\02_ソース\次期システム\Freemarket\FreeMarket.NET\frm004004.vb　解析開始
2014/09/07 10:32:07	C:\Users\PASEO\Desktop\Paseo\02_ソース\次期システム\Freemarket\FreeMarket.NET\frm004004.vb
2014/09/07 10:32:07	
2014/09/07 10:32:07	C:\Users\PASEO\Desktop\Paseo\02_ソース\次期システム\Freemarket\FreeMarket.NET\frm004005.vb　解析開始
2014/09/07 10:32:07	解析失敗しました。
2014/09/07 10:32:07	C:\Users\PASEO\Desktop\Paseo\02_ソース\次期システム\Freemarket\FreeMarket.NET\frm004005.vb　解析異常終了
2014/09/07 10:32:07	C:\Users\PASEO\Desktop\Paseo\02_ソース\次期システム\Freemarket\FreeMarket.NET\frm004006.vb　解析開始
2014/09/07 10:32:07	C:\Users\PASEO\Desktop\Paseo\02_ソース\次期システム\Freemarket\FreeMarket.NET\frm004006.vb
2014/09/07 10:32:07	
2014/09/07 10:32:07	C:\Users\PASEO\Desktop\Paseo\02_ソース\次期システム\Freemarket\FreeMarket.NET\frm004006001.vb　解析開始
2014/09/07 10:32:07	C:\Users\PASEO\Desktop\Paseo\02_ソース\次期システム\Freemarket\FreeMarket.NET\frm004006001.vb
2014/09/07 10:32:07	
2014/09/07 10:32:07	C:\Users\PASEO\Desktop\Paseo\02_ソース\次期システム\Freemarket\FreeMarket.NET\frm004006002.vb　解析開始
2014/09/07 10:32:07	C:\Users\PASEO\Desktop\Paseo\02_ソース\次期システム\Freemarket\FreeMarket.NET\frm004006002.vb
2014/09/07 10:32:07	
2014/09/07 10:32:07	C:\Users\PASEO\Desktop\Paseo\02_ソース\次期システム\Freemarket\FreeMarket.NET\frm004006003.vb　解析開始
2014/09/07 10:32:07	C:\Users\PASEO\Desktop\Paseo\02_ソース\次期システム\Freemarket\FreeMarket.NET\frm004006003.vb
2014/09/07 10:32:07	
2014/09/07 10:32:07	C:\Users\PASEO\Desktop\Paseo\02_ソース\次期システム\Freemarket\FreeMarket.NET\frm004006004.vb　解析開始
2014/09/07 10:32:07	C:\Users\PASEO\Desktop\Paseo\02_ソース\次期システム\Freemarket\FreeMarket.NET\frm004006004.vb
2014/09/07 10:32:07	
2014/09/07 10:32:07	C:\Users\PASEO\Desktop\Paseo\02_ソース\次期システム\Freemarket\FreeMarket.NET\frm004006005.vb　解析開始
2014/09/07 10:32:07	C:\Users\PASEO\Desktop\Paseo\02_ソース\次期システム\Freemarket\FreeMarket.NET\frm004006005.vb
2014/09/07 10:32:07	
2014/09/07 10:32:07	C:\Users\PASEO\Desktop\Paseo\02_ソース\次期システム\Freemarket\FreeMarket.NET\frm004006006.vb　解析開始
2014/09/07 10:32:07	C:\Users\PASEO\Desktop\Paseo\02_ソース\次期システム\Freemarket\FreeMarket.NET\frm004006006.vb
2014/09/07 10:32:07	
2014/09/07 10:32:07	C:\Users\PASEO\Desktop\Paseo\02_ソース\次期システム\Freemarket\FreeMarket.NET\frm004006007.vb　解析開始
2014/09/07 10:32:07	C:\Users\PASEO\Desktop\Paseo\02_ソース\次期システム\Freemarket\FreeMarket.NET\frm004006007.vb
2014/09/07 10:32:07	
2014/09/07 10:32:07	C:\Users\PASEO\Desktop\Paseo\02_ソース\次期システム\Freemarket\FreeMarket.NET\frm004007.vb　解析開始
2014/09/07 10:32:07	C:\Users\PASEO\Desktop\Paseo\02_ソース\次期システム\Freemarket\FreeMarket.NET\frm004007.vb
2014/09/07 10:32:07	
2014/09/07 10:32:07	C:\Users\PASEO\Desktop\Paseo\02_ソース\次期システム\Freemarket\FreeMarket.NET\frm004009.vb　解析開始
2014/09/07 10:32:07	C:\Users\PASEO\Desktop\Paseo\02_ソース\次期システム\Freemarket\FreeMarket.NET\frm004009.vb
2014/09/07 10:32:07	
2014/09/07 10:32:07	C:\Users\PASEO\Desktop\Paseo\02_ソース\次期システム\Freemarket\FreeMarket.NET\frm004010.vb　解析開始
2014/09/07 10:32:07	C:\Users\PASEO\Desktop\Paseo\02_ソース\次期システム\Freemarket\FreeMarket.NET\frm004010.vb
2014/09/07 10:32:07	
2014/09/07 10:32:07	C:\Users\PASEO\Desktop\Paseo\02_ソース\次期システム\Freemarket\FreeMarket.NET\frm004010001.vb　解析開始
2014/09/07 10:32:07	C:\Users\PASEO\Desktop\Paseo\02_ソース\次期システム\Freemarket\FreeMarket.NET\frm004010001.vb
2014/09/07 10:32:07	
2014/09/07 10:32:07	C:\Users\PASEO\Desktop\Paseo\02_ソース\次期システム\Freemarket\FreeMarket.NET\frm004011.vb　解析開始
2014/09/07 10:32:07	解析失敗しました。
2014/09/07 10:32:07	C:\Users\PASEO\Desktop\Paseo\02_ソース\次期システム\Freemarket\FreeMarket.NET\frm004011.vb　解析異常終了
2014/09/07 10:32:07	C:\Users\PASEO\Desktop\Paseo\02_ソース\次期システム\Freemarket\FreeMarket.NET\frm004012.vb　解析開始
2014/09/07 10:32:07	C:\Users\PASEO\Desktop\Paseo\02_ソース\次期システム\Freemarket\FreeMarket.NET\frm004012.vb
2014/09/07 10:32:07	
2014/09/07 10:32:07	C:\Users\PASEO\Desktop\Paseo\02_ソース\次期システム\Freemarket\FreeMarket.NET\frm004013.vb　解析開始
2014/09/07 10:32:07	C:\Users\PASEO\Desktop\Paseo\02_ソース\次期システム\Freemarket\FreeMarket.NET\frm004013.vb
2014/09/07 10:32:07	
2014/09/07 10:32:07	C:\Users\PASEO\Desktop\Paseo\02_ソース\次期システム\Freemarket\FreeMarket.NET\frm004014.vb　解析開始
2014/09/07 10:32:07	C:\Users\PASEO\Desktop\Paseo\02_ソース\次期システム\Freemarket\FreeMarket.NET\frm004014.vb
2014/09/07 10:32:07	
2014/09/07 10:32:07	C:\Users\PASEO\Desktop\Paseo\02_ソース\次期システム\Freemarket\FreeMarket.NET\frm004014001.vb　解析開始
2014/09/07 10:32:07	C:\Users\PASEO\Desktop\Paseo\02_ソース\次期システム\Freemarket\FreeMarket.NET\frm004014001.vb
2014/09/07 10:32:07	
2014/09/07 10:32:07	C:\Users\PASEO\Desktop\Paseo\02_ソース\次期システム\Freemarket\FreeMarket.NET\frm004015.vb　解析開始
2014/09/07 10:32:07	解析失敗しました。
2014/09/07 10:32:07	C:\Users\PASEO\Desktop\Paseo\02_ソース\次期システム\Freemarket\FreeMarket.NET\frm004015.vb　解析異常終了
2014/09/07 10:32:07	C:\Users\PASEO\Desktop\Paseo\02_ソース\次期システム\Freemarket\FreeMarket.NET\frm004015001.vb　解析開始
2014/09/07 10:32:07	C:\Users\PASEO\Desktop\Paseo\02_ソース\次期システム\Freemarket\FreeMarket.NET\frm004015001.vb
2014/09/07 10:32:07	
2014/09/07 10:32:07	C:\Users\PASEO\Desktop\Paseo\02_ソース\次期システム\Freemarket\FreeMarket.NET\frm004016.vb　解析開始
2014/09/07 10:32:07	解析失敗しました。
2014/09/07 10:32:07	C:\Users\PASEO\Desktop\Paseo\02_ソース\次期システム\Freemarket\FreeMarket.NET\frm004016.vb　解析異常終了
2014/09/07 10:32:07	C:\Users\PASEO\Desktop\Paseo\02_ソース\次期システム\Freemarket\FreeMarket.NET\frm004016001.vb　解析開始
2014/09/07 10:32:07	C:\Users\PASEO\Desktop\Paseo\02_ソース\次期システム\Freemarket\FreeMarket.NET\frm004016001.vb
2014/09/07 10:32:07	.Value置換開始 -1 plAdoRec.Fields("得意先締日")
2014/09/07 10:32:07	.Value置換開始 -1 plAdoRec.Fields("得意先締日")
2014/09/07 10:32:07	.Value置換開始 -1 plAdoRec.Fields("得意先締日")
2014/09/07 10:32:07	
2014/09/07 10:32:07	C:\Users\PASEO\Desktop\Paseo\02_ソース\次期システム\Freemarket\FreeMarket.NET\frm004016002.vb　解析開始
2014/09/07 10:32:07	C:\Users\PASEO\Desktop\Paseo\02_ソース\次期システム\Freemarket\FreeMarket.NET\frm004016002.vb
2014/09/07 10:32:07	
2014/09/07 10:32:07	C:\Users\PASEO\Desktop\Paseo\02_ソース\次期システム\Freemarket\FreeMarket.NET\frm004017.vb　解析開始
2014/09/07 10:32:07	C:\Users\PASEO\Desktop\Paseo\02_ソース\次期システム\Freemarket\FreeMarket.NET\frm004017.vb
2014/09/07 10:32:07	
2014/09/07 10:32:07	C:\Users\PASEO\Desktop\Paseo\02_ソース\次期システム\Freemarket\FreeMarket.NET\frm004018.vb　解析開始
2014/09/07 10:32:07	C:\Users\PASEO\Desktop\Paseo\02_ソース\次期システム\Freemarket\FreeMarket.NET\frm004018.vb
2014/09/07 10:32:07	
2014/09/07 10:32:07	C:\Users\PASEO\Desktop\Paseo\02_ソース\次期システム\Freemarket\FreeMarket.NET\frm004018001.vb　解析開始
2014/09/07 10:32:07	C:\Users\PASEO\Desktop\Paseo\02_ソース\次期システム\Freemarket\FreeMarket.NET\frm004018001.vb
2014/09/07 10:32:07	
2014/09/07 10:32:07	C:\Users\PASEO\Desktop\Paseo\02_ソース\次期システム\Freemarket\FreeMarket.NET\frm004019.vb　解析開始
2014/09/07 10:32:07	C:\Users\PASEO\Desktop\Paseo\02_ソース\次期システム\Freemarket\FreeMarket.NET\frm004019.vb
2014/09/07 10:32:07	
2014/09/07 10:32:07	C:\Users\PASEO\Desktop\Paseo\02_ソース\次期システム\Freemarket\FreeMarket.NET\frm004020.vb　解析開始
2014/09/07 10:32:07	C:\Users\PASEO\Desktop\Paseo\02_ソース\次期システム\Freemarket\FreeMarket.NET\frm004020.vb
2014/09/07 10:32:07	
2014/09/07 10:32:07	C:\Users\PASEO\Desktop\Paseo\02_ソース\次期システム\Freemarket\FreeMarket.NET\frm004021.vb　解析開始
2014/09/07 10:32:07	C:\Users\PASEO\Desktop\Paseo\02_ソース\次期システム\Freemarket\FreeMarket.NET\frm004021.vb
2014/09/07 10:32:07	
2014/09/07 10:32:07	C:\Users\PASEO\Desktop\Paseo\02_ソース\次期システム\Freemarket\FreeMarket.NET\frm004021001.vb　解析開始
2014/09/07 10:32:07	C:\Users\PASEO\Desktop\Paseo\02_ソース\次期システム\Freemarket\FreeMarket.NET\frm004021001.vb
2014/09/07 10:32:07	
2014/09/07 10:32:07	C:\Users\PASEO\Desktop\Paseo\02_ソース\次期システム\Freemarket\FreeMarket.NET\frm004021002.vb　解析開始
2014/09/07 10:32:07	C:\Users\PASEO\Desktop\Paseo\02_ソース\次期システム\Freemarket\FreeMarket.NET\frm004021002.vb
2014/09/07 10:32:07	
2014/09/07 10:32:07	C:\Users\PASEO\Desktop\Paseo\02_ソース\次期システム\Freemarket\FreeMarket.NET\frm004022.vb　解析開始
2014/09/07 10:32:07	C:\Users\PASEO\Desktop\Paseo\02_ソース\次期システム\Freemarket\FreeMarket.NET\frm004022.vb
2014/09/07 10:32:07	
2014/09/07 10:32:07	C:\Users\PASEO\Desktop\Paseo\02_ソース\次期システム\Freemarket\FreeMarket.NET\frm004023.vb　解析開始
2014/09/07 10:32:07	C:\Users\PASEO\Desktop\Paseo\02_ソース\次期システム\Freemarket\FreeMarket.NET\frm004023.vb
2014/09/07 10:32:07	
2014/09/07 10:32:07	C:\Users\PASEO\Desktop\Paseo\02_ソース\次期システム\Freemarket\FreeMarket.NET\frm004024.vb　解析開始
2014/09/07 10:32:07	C:\Users\PASEO\Desktop\Paseo\02_ソース\次期システム\Freemarket\FreeMarket.NET\frm004024.vb
2014/09/07 10:32:07	
2014/09/07 10:32:07	C:\Users\PASEO\Desktop\Paseo\02_ソース\次期システム\Freemarket\FreeMarket.NET\frm004025.vb　解析開始
2014/09/07 10:32:07	C:\Users\PASEO\Desktop\Paseo\02_ソース\次期システム\Freemarket\FreeMarket.NET\frm004025.vb
2014/09/07 10:32:07	
2014/09/07 10:32:07	C:\Users\PASEO\Desktop\Paseo\02_ソース\次期システム\Freemarket\FreeMarket.NET\frm004026.vb　解析開始
2014/09/07 10:32:07	C:\Users\PASEO\Desktop\Paseo\02_ソース\次期システム\Freemarket\FreeMarket.NET\frm004026.vb
2014/09/07 10:32:07	
2014/09/07 10:32:07	C:\Users\PASEO\Desktop\Paseo\02_ソース\次期システム\Freemarket\FreeMarket.NET\frm004027.vb　解析開始
2014/09/07 10:32:07	C:\Users\PASEO\Desktop\Paseo\02_ソース\次期システム\Freemarket\FreeMarket.NET\frm004027.vb
2014/09/07 10:32:07	
2014/09/07 10:32:07	C:\Users\PASEO\Desktop\Paseo\02_ソース\次期システム\Freemarket\FreeMarket.NET\frm004028.vb　解析開始
2014/09/07 10:32:07	C:\Users\PASEO\Desktop\Paseo\02_ソース\次期システム\Freemarket\FreeMarket.NET\frm004028.vb
2014/09/07 10:32:07	
2014/09/07 10:32:07	C:\Users\PASEO\Desktop\Paseo\02_ソース\次期システム\Freemarket\FreeMarket.NET\frm00500.vb　解析開始
2014/09/07 10:32:07	C:\Users\PASEO\Desktop\Paseo\02_ソース\次期システム\Freemarket\FreeMarket.NET\frm00500.vb
2014/09/07 10:32:07	
2014/09/07 10:32:07	C:\Users\PASEO\Desktop\Paseo\02_ソース\次期システム\Freemarket\FreeMarket.NET\frm005001.vb　解析開始
2014/09/07 10:32:07	C:\Users\PASEO\Desktop\Paseo\02_ソース\次期システム\Freemarket\FreeMarket.NET\frm005001.vb
2014/09/07 10:32:07	
2014/09/07 10:32:07	C:\Users\PASEO\Desktop\Paseo\02_ソース\次期システム\Freemarket\FreeMarket.NET\frm005001002.vb　解析開始
2014/09/07 10:32:07	C:\Users\PASEO\Desktop\Paseo\02_ソース\次期システム\Freemarket\FreeMarket.NET\frm005001002.vb
2014/09/07 10:32:07	
2014/09/07 10:32:07	C:\Users\PASEO\Desktop\Paseo\02_ソース\次期システム\Freemarket\FreeMarket.NET\frm005003.vb　解析開始
2014/09/07 10:32:07	C:\Users\PASEO\Desktop\Paseo\02_ソース\次期システム\Freemarket\FreeMarket.NET\frm005003.vb
2014/09/07 10:32:07	
2014/09/07 10:32:07	C:\Users\PASEO\Desktop\Paseo\02_ソース\次期システム\Freemarket\FreeMarket.NET\frm005003001.vb　解析開始
2014/09/07 10:32:07	C:\Users\PASEO\Desktop\Paseo\02_ソース\次期システム\Freemarket\FreeMarket.NET\frm005003001.vb
2014/09/07 10:32:07	
2014/09/07 10:32:07	C:\Users\PASEO\Desktop\Paseo\02_ソース\次期システム\Freemarket\FreeMarket.NET\frm005003002.vb　解析開始
2014/09/07 10:32:07	C:\Users\PASEO\Desktop\Paseo\02_ソース\次期システム\Freemarket\FreeMarket.NET\frm005003002.vb
2014/09/07 10:32:07	
2014/09/07 10:32:07	C:\Users\PASEO\Desktop\Paseo\02_ソース\次期システム\Freemarket\FreeMarket.NET\frm005005.vb　解析開始
2014/09/07 10:32:07	C:\Users\PASEO\Desktop\Paseo\02_ソース\次期システム\Freemarket\FreeMarket.NET\frm005005.vb
2014/09/07 10:32:07	
2014/09/07 10:32:07	C:\Users\PASEO\Desktop\Paseo\02_ソース\次期システム\Freemarket\FreeMarket.NET\frm005006.vb　解析開始
2014/09/07 10:32:07	C:\Users\PASEO\Desktop\Paseo\02_ソース\次期システム\Freemarket\FreeMarket.NET\frm005006.vb
2014/09/07 10:32:07	
2014/09/07 10:32:07	C:\Users\PASEO\Desktop\Paseo\02_ソース\次期システム\Freemarket\FreeMarket.NET\frm005006001.vb　解析開始
2014/09/07 10:32:07	C:\Users\PASEO\Desktop\Paseo\02_ソース\次期システム\Freemarket\FreeMarket.NET\frm005006001.vb
2014/09/07 10:32:07	
2014/09/07 10:32:07	C:\Users\PASEO\Desktop\Paseo\02_ソース\次期システム\Freemarket\FreeMarket.NET\frm005006002.vb　解析開始
2014/09/07 10:32:07	C:\Users\PASEO\Desktop\Paseo\02_ソース\次期システム\Freemarket\FreeMarket.NET\frm005006002.vb
2014/09/07 10:32:07	
2014/09/07 10:32:07	C:\Users\PASEO\Desktop\Paseo\02_ソース\次期システム\Freemarket\FreeMarket.NET\frm005006003.vb　解析開始
2014/09/07 10:32:07	C:\Users\PASEO\Desktop\Paseo\02_ソース\次期システム\Freemarket\FreeMarket.NET\frm005006003.vb
2014/09/07 10:32:07	
2014/09/07 10:32:07	C:\Users\PASEO\Desktop\Paseo\02_ソース\次期システム\Freemarket\FreeMarket.NET\frm005007.vb　解析開始
2014/09/07 10:32:07	C:\Users\PASEO\Desktop\Paseo\02_ソース\次期システム\Freemarket\FreeMarket.NET\frm005007.vb
2014/09/07 10:32:07	
2014/09/07 10:32:07	C:\Users\PASEO\Desktop\Paseo\02_ソース\次期システム\Freemarket\FreeMarket.NET\frm005008.vb　解析開始
2014/09/07 10:32:07	C:\Users\PASEO\Desktop\Paseo\02_ソース\次期システム\Freemarket\FreeMarket.NET\frm005008.vb
2014/09/07 10:32:07	
2014/09/07 10:32:07	C:\Users\PASEO\Desktop\Paseo\02_ソース\次期システム\Freemarket\FreeMarket.NET\frm005009.vb　解析開始
2014/09/07 10:32:07	C:\Users\PASEO\Desktop\Paseo\02_ソース\次期システム\Freemarket\FreeMarket.NET\frm005009.vb
2014/09/07 10:32:07	
2014/09/07 10:32:07	C:\Users\PASEO\Desktop\Paseo\02_ソース\次期システム\Freemarket\FreeMarket.NET\frm005010.vb　解析開始
2014/09/07 10:32:07	C:\Users\PASEO\Desktop\Paseo\02_ソース\次期システム\Freemarket\FreeMarket.NET\frm005010.vb
2014/09/07 10:32:07	
2014/09/07 10:32:07	C:\Users\PASEO\Desktop\Paseo\02_ソース\次期システム\Freemarket\FreeMarket.NET\frm005010002.vb　解析開始
2014/09/07 10:32:07	C:\Users\PASEO\Desktop\Paseo\02_ソース\次期システム\Freemarket\FreeMarket.NET\frm005010002.vb
2014/09/07 10:32:07	
2014/09/07 10:32:07	C:\Users\PASEO\Desktop\Paseo\02_ソース\次期システム\Freemarket\FreeMarket.NET\frm005011.vb　解析開始
2014/09/07 10:32:07	C:\Users\PASEO\Desktop\Paseo\02_ソース\次期システム\Freemarket\FreeMarket.NET\frm005011.vb
2014/09/07 10:32:07	
2014/09/07 10:32:07	C:\Users\PASEO\Desktop\Paseo\02_ソース\次期システム\Freemarket\FreeMarket.NET\frm005011001.vb　解析開始
2014/09/07 10:32:07	C:\Users\PASEO\Desktop\Paseo\02_ソース\次期システム\Freemarket\FreeMarket.NET\frm005011001.vb
2014/09/07 10:32:07	
2014/09/07 10:32:07	C:\Users\PASEO\Desktop\Paseo\02_ソース\次期システム\Freemarket\FreeMarket.NET\frm00600.vb　解析開始
2014/09/07 10:32:07	C:\Users\PASEO\Desktop\Paseo\02_ソース\次期システム\Freemarket\FreeMarket.NET\frm00600.vb
2014/09/07 10:32:07	
2014/09/07 10:32:07	C:\Users\PASEO\Desktop\Paseo\02_ソース\次期システム\Freemarket\FreeMarket.NET\frm006001.vb　解析開始
2014/09/07 10:32:07	C:\Users\PASEO\Desktop\Paseo\02_ソース\次期システム\Freemarket\FreeMarket.NET\frm006001.vb
2014/09/07 10:32:07	
2014/09/07 10:32:07	C:\Users\PASEO\Desktop\Paseo\02_ソース\次期システム\Freemarket\FreeMarket.NET\frm006001003.vb　解析開始
2014/09/07 10:32:07	C:\Users\PASEO\Desktop\Paseo\02_ソース\次期システム\Freemarket\FreeMarket.NET\frm006001003.vb
2014/09/07 10:32:07	
2014/09/07 10:32:07	C:\Users\PASEO\Desktop\Paseo\02_ソース\次期システム\Freemarket\FreeMarket.NET\frm006001004.vb　解析開始
2014/09/07 10:32:07	C:\Users\PASEO\Desktop\Paseo\02_ソース\次期システム\Freemarket\FreeMarket.NET\frm006001004.vb
2014/09/07 10:32:07	
2014/09/07 10:32:07	C:\Users\PASEO\Desktop\Paseo\02_ソース\次期システム\Freemarket\FreeMarket.NET\frm006001006.vb　解析開始
2014/09/07 10:32:07	C:\Users\PASEO\Desktop\Paseo\02_ソース\次期システム\Freemarket\FreeMarket.NET\frm006001006.vb
2014/09/07 10:32:07	
2014/09/07 10:32:07	C:\Users\PASEO\Desktop\Paseo\02_ソース\次期システム\Freemarket\FreeMarket.NET\frm006001007.vb　解析開始
2014/09/07 10:32:07	C:\Users\PASEO\Desktop\Paseo\02_ソース\次期システム\Freemarket\FreeMarket.NET\frm006001007.vb
2014/09/07 10:32:07	
2014/09/07 10:32:07	C:\Users\PASEO\Desktop\Paseo\02_ソース\次期システム\Freemarket\FreeMarket.NET\frm006001008.vb　解析開始
2014/09/07 10:32:07	C:\Users\PASEO\Desktop\Paseo\02_ソース\次期システム\Freemarket\FreeMarket.NET\frm006001008.vb
2014/09/07 10:32:07	
2014/09/07 10:32:07	C:\Users\PASEO\Desktop\Paseo\02_ソース\次期システム\Freemarket\FreeMarket.NET\frm006001009.vb　解析開始
2014/09/07 10:32:07	C:\Users\PASEO\Desktop\Paseo\02_ソース\次期システム\Freemarket\FreeMarket.NET\frm006001009.vb
2014/09/07 10:32:07	
2014/09/07 10:32:07	C:\Users\PASEO\Desktop\Paseo\02_ソース\次期システム\Freemarket\FreeMarket.NET\frm006001010.vb　解析開始
2014/09/07 10:32:07	C:\Users\PASEO\Desktop\Paseo\02_ソース\次期システム\Freemarket\FreeMarket.NET\frm006001010.vb
2014/09/07 10:32:07	
2014/09/07 10:32:07	C:\Users\PASEO\Desktop\Paseo\02_ソース\次期システム\Freemarket\FreeMarket.NET\frm006001011.vb　解析開始
2014/09/07 10:32:07	C:\Users\PASEO\Desktop\Paseo\02_ソース\次期システム\Freemarket\FreeMarket.NET\frm006001011.vb
2014/09/07 10:32:07	
2014/09/07 10:32:07	C:\Users\PASEO\Desktop\Paseo\02_ソース\次期システム\Freemarket\FreeMarket.NET\frm006001012.vb　解析開始
2014/09/07 10:32:07	C:\Users\PASEO\Desktop\Paseo\02_ソース\次期システム\Freemarket\FreeMarket.NET\frm006001012.vb
2014/09/07 10:32:07	
2014/09/07 10:32:07	C:\Users\PASEO\Desktop\Paseo\02_ソース\次期システム\Freemarket\FreeMarket.NET\frm006001013.vb　解析開始
2014/09/07 10:32:07	C:\Users\PASEO\Desktop\Paseo\02_ソース\次期システム\Freemarket\FreeMarket.NET\frm006001013.vb
2014/09/07 10:32:07	
2014/09/07 10:32:07	C:\Users\PASEO\Desktop\Paseo\02_ソース\次期システム\Freemarket\FreeMarket.NET\frm006001014.vb　解析開始
2014/09/07 10:32:07	C:\Users\PASEO\Desktop\Paseo\02_ソース\次期システム\Freemarket\FreeMarket.NET\frm006001014.vb
2014/09/07 10:32:07	
2014/09/07 10:32:07	C:\Users\PASEO\Desktop\Paseo\02_ソース\次期システム\Freemarket\FreeMarket.NET\frm006001015.vb　解析開始
2014/09/07 10:32:07	C:\Users\PASEO\Desktop\Paseo\02_ソース\次期システム\Freemarket\FreeMarket.NET\frm006001015.vb
2014/09/07 10:32:07	
2014/09/07 10:32:07	C:\Users\PASEO\Desktop\Paseo\02_ソース\次期システム\Freemarket\FreeMarket.NET\frm006001016.vb　解析開始
2014/09/07 10:32:07	C:\Users\PASEO\Desktop\Paseo\02_ソース\次期システム\Freemarket\FreeMarket.NET\frm006001016.vb
2014/09/07 10:32:07	
2014/09/07 10:32:07	C:\Users\PASEO\Desktop\Paseo\02_ソース\次期システム\Freemarket\FreeMarket.NET\frm006001018.vb　解析開始
2014/09/07 10:32:07	C:\Users\PASEO\Desktop\Paseo\02_ソース\次期システム\Freemarket\FreeMarket.NET\frm006001018.vb
2014/09/07 10:32:07	
2014/09/07 10:32:07	C:\Users\PASEO\Desktop\Paseo\02_ソース\次期システム\Freemarket\FreeMarket.NET\frm006002.vb　解析開始
2014/09/07 10:32:07	C:\Users\PASEO\Desktop\Paseo\02_ソース\次期システム\Freemarket\FreeMarket.NET\frm006002.vb
2014/09/07 10:32:07	
2014/09/07 10:32:07	C:\Users\PASEO\Desktop\Paseo\02_ソース\次期システム\Freemarket\FreeMarket.NET\frm006002001.vb　解析開始
2014/09/07 10:32:07	C:\Users\PASEO\Desktop\Paseo\02_ソース\次期システム\Freemarket\FreeMarket.NET\frm006002001.vb
2014/09/07 10:32:07	
2014/09/07 10:32:07	C:\Users\PASEO\Desktop\Paseo\02_ソース\次期システム\Freemarket\FreeMarket.NET\frm006003.vb　解析開始
2014/09/07 10:32:07	C:\Users\PASEO\Desktop\Paseo\02_ソース\次期システム\Freemarket\FreeMarket.NET\frm006003.vb
2014/09/07 10:32:07	
2014/09/07 10:32:07	C:\Users\PASEO\Desktop\Paseo\02_ソース\次期システム\Freemarket\FreeMarket.NET\frm006003001.vb　解析開始
2014/09/07 10:32:07	C:\Users\PASEO\Desktop\Paseo\02_ソース\次期システム\Freemarket\FreeMarket.NET\frm006003001.vb
2014/09/07 10:32:07	
2014/09/07 10:32:07	C:\Users\PASEO\Desktop\Paseo\02_ソース\次期システム\Freemarket\FreeMarket.NET\frm006004.vb　解析開始
2014/09/07 10:32:07	C:\Users\PASEO\Desktop\Paseo\02_ソース\次期システム\Freemarket\FreeMarket.NET\frm006004.vb
2014/09/07 10:32:07	
2014/09/07 10:32:07	C:\Users\PASEO\Desktop\Paseo\02_ソース\次期システム\Freemarket\FreeMarket.NET\frm006004001.vb　解析開始
2014/09/07 10:32:07	C:\Users\PASEO\Desktop\Paseo\02_ソース\次期システム\Freemarket\FreeMarket.NET\frm006004001.vb
2014/09/07 10:32:07	
2014/09/07 10:32:07	C:\Users\PASEO\Desktop\Paseo\02_ソース\次期システム\Freemarket\FreeMarket.NET\frm006005.vb　解析開始
2014/09/07 10:32:07	C:\Users\PASEO\Desktop\Paseo\02_ソース\次期システム\Freemarket\FreeMarket.NET\frm006005.vb
2014/09/07 10:32:07	
2014/09/07 10:32:07	C:\Users\PASEO\Desktop\Paseo\02_ソース\次期システム\Freemarket\FreeMarket.NET\frm006005001.vb　解析開始
2014/09/07 10:32:07	C:\Users\PASEO\Desktop\Paseo\02_ソース\次期システム\Freemarket\FreeMarket.NET\frm006005001.vb
2014/09/07 10:32:07	
2014/09/07 10:32:07	C:\Users\PASEO\Desktop\Paseo\02_ソース\次期システム\Freemarket\FreeMarket.NET\frm006006.vb　解析開始
2014/09/07 10:32:07	C:\Users\PASEO\Desktop\Paseo\02_ソース\次期システム\Freemarket\FreeMarket.NET\frm006006.vb
2014/09/07 10:32:07	
2014/09/07 10:32:07	C:\Users\PASEO\Desktop\Paseo\02_ソース\次期システム\Freemarket\FreeMarket.NET\frm006006001.vb　解析開始
2014/09/07 10:32:07	C:\Users\PASEO\Desktop\Paseo\02_ソース\次期システム\Freemarket\FreeMarket.NET\frm006006001.vb
2014/09/07 10:32:07	
2014/09/07 10:32:07	C:\Users\PASEO\Desktop\Paseo\02_ソース\次期システム\Freemarket\FreeMarket.NET\frm006007.vb　解析開始
2014/09/07 10:32:07	C:\Users\PASEO\Desktop\Paseo\02_ソース\次期システム\Freemarket\FreeMarket.NET\frm006007.vb
2014/09/07 10:32:07	
2014/09/07 10:32:07	C:\Users\PASEO\Desktop\Paseo\02_ソース\次期システム\Freemarket\FreeMarket.NET\frm006007_1.vb　解析開始
2014/09/07 10:32:07	解析失敗しました。
2014/09/07 10:32:07	C:\Users\PASEO\Desktop\Paseo\02_ソース\次期システム\Freemarket\FreeMarket.NET\frm006007_1.vb　解析異常終了
2014/09/07 10:32:07	C:\Users\PASEO\Desktop\Paseo\02_ソース\次期システム\Freemarket\FreeMarket.NET\frm006007_2.vb　解析開始
2014/09/07 10:32:07	解析失敗しました。
2014/09/07 10:32:07	C:\Users\PASEO\Desktop\Paseo\02_ソース\次期システム\Freemarket\FreeMarket.NET\frm006007_2.vb　解析異常終了
2014/09/07 10:32:07	C:\Users\PASEO\Desktop\Paseo\02_ソース\次期システム\Freemarket\FreeMarket.NET\frm006008.vb　解析開始
2014/09/07 10:32:07	C:\Users\PASEO\Desktop\Paseo\02_ソース\次期システム\Freemarket\FreeMarket.NET\frm006008.vb
2014/09/07 10:32:07	
2014/09/07 10:32:07	C:\Users\PASEO\Desktop\Paseo\02_ソース\次期システム\Freemarket\FreeMarket.NET\frm006008001.vb　解析開始
2014/09/07 10:32:07	C:\Users\PASEO\Desktop\Paseo\02_ソース\次期システム\Freemarket\FreeMarket.NET\frm006008001.vb
2014/09/07 10:32:07	
2014/09/07 10:32:07	C:\Users\PASEO\Desktop\Paseo\02_ソース\次期システム\Freemarket\FreeMarket.NET\frm006008004.vb　解析開始
2014/09/07 10:32:07	C:\Users\PASEO\Desktop\Paseo\02_ソース\次期システム\Freemarket\FreeMarket.NET\frm006008004.vb
2014/09/07 10:32:07	
2014/09/07 10:32:07	C:\Users\PASEO\Desktop\Paseo\02_ソース\次期システム\Freemarket\FreeMarket.NET\frm006008005.vb　解析開始
2014/09/07 10:32:07	C:\Users\PASEO\Desktop\Paseo\02_ソース\次期システム\Freemarket\FreeMarket.NET\frm006008005.vb
2014/09/07 10:32:07	
2014/09/07 10:32:07	C:\Users\PASEO\Desktop\Paseo\02_ソース\次期システム\Freemarket\FreeMarket.NET\frm006008006.vb　解析開始
2014/09/07 10:32:07	C:\Users\PASEO\Desktop\Paseo\02_ソース\次期システム\Freemarket\FreeMarket.NET\frm006008006.vb
2014/09/07 10:32:07	
2014/09/07 10:32:07	C:\Users\PASEO\Desktop\Paseo\02_ソース\次期システム\Freemarket\FreeMarket.NET\frm006008007.vb　解析開始
2014/09/07 10:32:07	C:\Users\PASEO\Desktop\Paseo\02_ソース\次期システム\Freemarket\FreeMarket.NET\frm006008007.vb
2014/09/07 10:32:07	
2014/09/07 10:32:07	C:\Users\PASEO\Desktop\Paseo\02_ソース\次期システム\Freemarket\FreeMarket.NET\frm006008008.vb　解析開始
2014/09/07 10:32:07	C:\Users\PASEO\Desktop\Paseo\02_ソース\次期システム\Freemarket\FreeMarket.NET\frm006008008.vb
2014/09/07 10:32:07	
2014/09/07 10:32:07	C:\Users\PASEO\Desktop\Paseo\02_ソース\次期システム\Freemarket\FreeMarket.NET\frm006008009.vb　解析開始
2014/09/07 10:32:07	C:\Users\PASEO\Desktop\Paseo\02_ソース\次期システム\Freemarket\FreeMarket.NET\frm006008009.vb
2014/09/07 10:32:07	
2014/09/07 10:32:07	C:\Users\PASEO\Desktop\Paseo\02_ソース\次期システム\Freemarket\FreeMarket.NET\frm006008010.vb　解析開始
2014/09/07 10:32:07	C:\Users\PASEO\Desktop\Paseo\02_ソース\次期システム\Freemarket\FreeMarket.NET\frm006008010.vb
2014/09/07 10:32:07	
2014/09/07 10:32:07	C:\Users\PASEO\Desktop\Paseo\02_ソース\次期システム\Freemarket\FreeMarket.NET\frm006008011.vb　解析開始
2014/09/07 10:32:07	C:\Users\PASEO\Desktop\Paseo\02_ソース\次期システム\Freemarket\FreeMarket.NET\frm006008011.vb
2014/09/07 10:32:07	
2014/09/07 10:32:07	C:\Users\PASEO\Desktop\Paseo\02_ソース\次期システム\Freemarket\FreeMarket.NET\frm006009.vb　解析開始
2014/09/07 10:32:07	C:\Users\PASEO\Desktop\Paseo\02_ソース\次期システム\Freemarket\FreeMarket.NET\frm006009.vb
2014/09/07 10:32:07	
2014/09/07 10:32:07	C:\Users\PASEO\Desktop\Paseo\02_ソース\次期システム\Freemarket\FreeMarket.NET\frm006009001.vb　解析開始
2014/09/07 10:32:07	C:\Users\PASEO\Desktop\Paseo\02_ソース\次期システム\Freemarket\FreeMarket.NET\frm006009001.vb
2014/09/07 10:32:07	
2014/09/07 10:32:07	C:\Users\PASEO\Desktop\Paseo\02_ソース\次期システム\Freemarket\FreeMarket.NET\frm006010.vb　解析開始
2014/09/07 10:32:07	C:\Users\PASEO\Desktop\Paseo\02_ソース\次期システム\Freemarket\FreeMarket.NET\frm006010.vb
2014/09/07 10:32:07	
2014/09/07 10:32:07	C:\Users\PASEO\Desktop\Paseo\02_ソース\次期システム\Freemarket\FreeMarket.NET\frm006010001.vb　解析開始
2014/09/07 10:32:07	C:\Users\PASEO\Desktop\Paseo\02_ソース\次期システム\Freemarket\FreeMarket.NET\frm006010001.vb
2014/09/07 10:32:07	
2014/09/07 10:32:07	C:\Users\PASEO\Desktop\Paseo\02_ソース\次期システム\Freemarket\FreeMarket.NET\frm006011.vb　解析開始
2014/09/07 10:32:07	C:\Users\PASEO\Desktop\Paseo\02_ソース\次期システム\Freemarket\FreeMarket.NET\frm006011.vb
2014/09/07 10:32:07	
2014/09/07 10:32:07	C:\Users\PASEO\Desktop\Paseo\02_ソース\次期システム\Freemarket\FreeMarket.NET\frm006011001.vb　解析開始
2014/09/07 10:32:07	C:\Users\PASEO\Desktop\Paseo\02_ソース\次期システム\Freemarket\FreeMarket.NET\frm006011001.vb
2014/09/07 10:32:07	
2014/09/07 10:32:07	C:\Users\PASEO\Desktop\Paseo\02_ソース\次期システム\Freemarket\FreeMarket.NET\frm006012.vb　解析開始
2014/09/07 10:32:07	C:\Users\PASEO\Desktop\Paseo\02_ソース\次期システム\Freemarket\FreeMarket.NET\frm006012.vb
2014/09/07 10:32:07	
2014/09/07 10:32:07	C:\Users\PASEO\Desktop\Paseo\02_ソース\次期システム\Freemarket\FreeMarket.NET\frm006013.vb　解析開始
2014/09/07 10:32:07	C:\Users\PASEO\Desktop\Paseo\02_ソース\次期システム\Freemarket\FreeMarket.NET\frm006013.vb
2014/09/07 10:32:07	
2014/09/07 10:32:07	C:\Users\PASEO\Desktop\Paseo\02_ソース\次期システム\Freemarket\FreeMarket.NET\frm006013001.vb　解析開始
2014/09/07 10:32:07	C:\Users\PASEO\Desktop\Paseo\02_ソース\次期システム\Freemarket\FreeMarket.NET\frm006013001.vb
2014/09/07 10:32:07	
2014/09/07 10:32:07	C:\Users\PASEO\Desktop\Paseo\02_ソース\次期システム\Freemarket\FreeMarket.NET\frm006014.vb　解析開始
2014/09/07 10:32:07	C:\Users\PASEO\Desktop\Paseo\02_ソース\次期システム\Freemarket\FreeMarket.NET\frm006014.vb
2014/09/07 10:32:07	
2014/09/07 10:32:07	C:\Users\PASEO\Desktop\Paseo\02_ソース\次期システム\Freemarket\FreeMarket.NET\frm006014001.vb　解析開始
2014/09/07 10:32:07	C:\Users\PASEO\Desktop\Paseo\02_ソース\次期システム\Freemarket\FreeMarket.NET\frm006014001.vb
2014/09/07 10:32:07	
2014/09/07 10:32:07	C:\Users\PASEO\Desktop\Paseo\02_ソース\次期システム\Freemarket\FreeMarket.NET\frm006015.vb　解析開始
2014/09/07 10:32:07	C:\Users\PASEO\Desktop\Paseo\02_ソース\次期システム\Freemarket\FreeMarket.NET\frm006015.vb
2014/09/07 10:32:07	
2014/09/07 10:32:07	C:\Users\PASEO\Desktop\Paseo\02_ソース\次期システム\Freemarket\FreeMarket.NET\frm006015001.vb　解析開始
2014/09/07 10:32:07	C:\Users\PASEO\Desktop\Paseo\02_ソース\次期システム\Freemarket\FreeMarket.NET\frm006015001.vb
2014/09/07 10:32:07	
2014/09/07 10:32:07	C:\Users\PASEO\Desktop\Paseo\02_ソース\次期システム\Freemarket\FreeMarket.NET\frm006016.vb　解析開始
2014/09/07 10:32:07	C:\Users\PASEO\Desktop\Paseo\02_ソース\次期システム\Freemarket\FreeMarket.NET\frm006016.vb
2014/09/07 10:32:07	
2014/09/07 10:32:07	C:\Users\PASEO\Desktop\Paseo\02_ソース\次期システム\Freemarket\FreeMarket.NET\frm006016001.vb　解析開始
2014/09/07 10:32:07	C:\Users\PASEO\Desktop\Paseo\02_ソース\次期システム\Freemarket\FreeMarket.NET\frm006016001.vb
2014/09/07 10:32:07	
2014/09/07 10:32:07	C:\Users\PASEO\Desktop\Paseo\02_ソース\次期システム\Freemarket\FreeMarket.NET\frm006017.vb　解析開始
2014/09/07 10:32:07	C:\Users\PASEO\Desktop\Paseo\02_ソース\次期システム\Freemarket\FreeMarket.NET\frm006017.vb
2014/09/07 10:32:07	
2014/09/07 10:32:07	C:\Users\PASEO\Desktop\Paseo\02_ソース\次期システム\Freemarket\FreeMarket.NET\frm006017001.vb　解析開始
2014/09/07 10:32:07	C:\Users\PASEO\Desktop\Paseo\02_ソース\次期システム\Freemarket\FreeMarket.NET\frm006017001.vb
2014/09/07 10:32:07	
2014/09/07 10:32:07	C:\Users\PASEO\Desktop\Paseo\02_ソース\次期システム\Freemarket\FreeMarket.NET\frm006018.vb　解析開始
2014/09/07 10:32:07	C:\Users\PASEO\Desktop\Paseo\02_ソース\次期システム\Freemarket\FreeMarket.NET\frm006018.vb
2014/09/07 10:32:07	
2014/09/07 10:32:07	C:\Users\PASEO\Desktop\Paseo\02_ソース\次期システム\Freemarket\FreeMarket.NET\frm006018001.vb　解析開始
2014/09/07 10:32:07	C:\Users\PASEO\Desktop\Paseo\02_ソース\次期システム\Freemarket\FreeMarket.NET\frm006018001.vb
2014/09/07 10:32:07	
2014/09/07 10:32:07	C:\Users\PASEO\Desktop\Paseo\02_ソース\次期システム\Freemarket\FreeMarket.NET\frm006019.vb　解析開始
2014/09/07 10:32:07	C:\Users\PASEO\Desktop\Paseo\02_ソース\次期システム\Freemarket\FreeMarket.NET\frm006019.vb
2014/09/07 10:32:07	
2014/09/07 10:32:07	C:\Users\PASEO\Desktop\Paseo\02_ソース\次期システム\Freemarket\FreeMarket.NET\frm006019001.vb　解析開始
2014/09/07 10:32:07	C:\Users\PASEO\Desktop\Paseo\02_ソース\次期システム\Freemarket\FreeMarket.NET\frm006019001.vb
2014/09/07 10:32:07	
2014/09/07 10:32:07	C:\Users\PASEO\Desktop\Paseo\02_ソース\次期システム\Freemarket\FreeMarket.NET\frm006020.vb　解析開始
2014/09/07 10:32:07	C:\Users\PASEO\Desktop\Paseo\02_ソース\次期システム\Freemarket\FreeMarket.NET\frm006020.vb
2014/09/07 10:32:07	
2014/09/07 10:32:07	C:\Users\PASEO\Desktop\Paseo\02_ソース\次期システム\Freemarket\FreeMarket.NET\frm006020001.vb　解析開始
2014/09/07 10:32:07	C:\Users\PASEO\Desktop\Paseo\02_ソース\次期システム\Freemarket\FreeMarket.NET\frm006020001.vb
2014/09/07 10:32:07	
2014/09/07 10:32:07	C:\Users\PASEO\Desktop\Paseo\02_ソース\次期システム\Freemarket\FreeMarket.NET\frm006021.vb　解析開始
2014/09/07 10:32:07	C:\Users\PASEO\Desktop\Paseo\02_ソース\次期システム\Freemarket\FreeMarket.NET\frm006021.vb
2014/09/07 10:32:07	
2014/09/07 10:32:07	C:\Users\PASEO\Desktop\Paseo\02_ソース\次期システム\Freemarket\FreeMarket.NET\frm006021001.vb　解析開始
2014/09/07 10:32:07	C:\Users\PASEO\Desktop\Paseo\02_ソース\次期システム\Freemarket\FreeMarket.NET\frm006021001.vb
2014/09/07 10:32:07	
2014/09/07 10:32:07	C:\Users\PASEO\Desktop\Paseo\02_ソース\次期システム\Freemarket\FreeMarket.NET\frm006022.vb　解析開始
2014/09/07 10:32:07	C:\Users\PASEO\Desktop\Paseo\02_ソース\次期システム\Freemarket\FreeMarket.NET\frm006022.vb
2014/09/07 10:32:07	
2014/09/07 10:32:07	C:\Users\PASEO\Desktop\Paseo\02_ソース\次期システム\Freemarket\FreeMarket.NET\frm006022001.vb　解析開始
2014/09/07 10:32:07	C:\Users\PASEO\Desktop\Paseo\02_ソース\次期システム\Freemarket\FreeMarket.NET\frm006022001.vb
2014/09/07 10:32:07	
2014/09/07 10:32:07	C:\Users\PASEO\Desktop\Paseo\02_ソース\次期システム\Freemarket\FreeMarket.NET\frm006023.vb　解析開始
2014/09/07 10:32:07	C:\Users\PASEO\Desktop\Paseo\02_ソース\次期システム\Freemarket\FreeMarket.NET\frm006023.vb
2014/09/07 10:32:07	
2014/09/07 10:32:07	C:\Users\PASEO\Desktop\Paseo\02_ソース\次期システム\Freemarket\FreeMarket.NET\frm006023001.vb　解析開始
2014/09/07 10:32:07	C:\Users\PASEO\Desktop\Paseo\02_ソース\次期システム\Freemarket\FreeMarket.NET\frm006023001.vb
2014/09/07 10:32:07	
2014/09/07 10:32:07	C:\Users\PASEO\Desktop\Paseo\02_ソース\次期システム\Freemarket\FreeMarket.NET\frm006024.vb　解析開始
2014/09/07 10:32:07	C:\Users\PASEO\Desktop\Paseo\02_ソース\次期システム\Freemarket\FreeMarket.NET\frm006024.vb
2014/09/07 10:32:07	
2014/09/07 10:32:07	C:\Users\PASEO\Desktop\Paseo\02_ソース\次期システム\Freemarket\FreeMarket.NET\frm006025.vb　解析開始
2014/09/07 10:32:07	C:\Users\PASEO\Desktop\Paseo\02_ソース\次期システム\Freemarket\FreeMarket.NET\frm006025.vb
2014/09/07 10:32:07	
2014/09/07 10:32:07	C:\Users\PASEO\Desktop\Paseo\02_ソース\次期システム\Freemarket\FreeMarket.NET\frm006025001.vb　解析開始
2014/09/07 10:32:07	C:\Users\PASEO\Desktop\Paseo\02_ソース\次期システム\Freemarket\FreeMarket.NET\frm006025001.vb
2014/09/07 10:32:07	
2014/09/07 10:32:07	C:\Users\PASEO\Desktop\Paseo\02_ソース\次期システム\Freemarket\FreeMarket.NET\frm006026.vb　解析開始
2014/09/07 10:32:07	C:\Users\PASEO\Desktop\Paseo\02_ソース\次期システム\Freemarket\FreeMarket.NET\frm006026.vb
2014/09/07 10:32:07	
2014/09/07 10:32:07	C:\Users\PASEO\Desktop\Paseo\02_ソース\次期システム\Freemarket\FreeMarket.NET\frm006026001.vb　解析開始
2014/09/07 10:32:07	C:\Users\PASEO\Desktop\Paseo\02_ソース\次期システム\Freemarket\FreeMarket.NET\frm006026001.vb
2014/09/07 10:32:07	
2014/09/07 10:32:07	C:\Users\PASEO\Desktop\Paseo\02_ソース\次期システム\Freemarket\FreeMarket.NET\frm006027.vb　解析開始
2014/09/07 10:32:07	C:\Users\PASEO\Desktop\Paseo\02_ソース\次期システム\Freemarket\FreeMarket.NET\frm006027.vb
2014/09/07 10:32:07	
2014/09/07 10:32:07	C:\Users\PASEO\Desktop\Paseo\02_ソース\次期システム\Freemarket\FreeMarket.NET\frm006027001.vb　解析開始
2014/09/07 10:32:07	C:\Users\PASEO\Desktop\Paseo\02_ソース\次期システム\Freemarket\FreeMarket.NET\frm006027001.vb
2014/09/07 10:32:07	
2014/09/07 10:32:07	C:\Users\PASEO\Desktop\Paseo\02_ソース\次期システム\Freemarket\FreeMarket.NET\frm006028.vb　解析開始
2014/09/07 10:32:07	C:\Users\PASEO\Desktop\Paseo\02_ソース\次期システム\Freemarket\FreeMarket.NET\frm006028.vb
2014/09/07 10:32:07	
2014/09/07 10:32:07	C:\Users\PASEO\Desktop\Paseo\02_ソース\次期システム\Freemarket\FreeMarket.NET\frm006028001.vb　解析開始
2014/09/07 10:32:07	C:\Users\PASEO\Desktop\Paseo\02_ソース\次期システム\Freemarket\FreeMarket.NET\frm006028001.vb
2014/09/07 10:32:07	
2014/09/07 10:32:07	C:\Users\PASEO\Desktop\Paseo\02_ソース\次期システム\Freemarket\FreeMarket.NET\frm00700.vb　解析開始
2014/09/07 10:32:07	C:\Users\PASEO\Desktop\Paseo\02_ソース\次期システム\Freemarket\FreeMarket.NET\frm00700.vb
2014/09/07 10:32:07	
2014/09/07 10:32:07	C:\Users\PASEO\Desktop\Paseo\02_ソース\次期システム\Freemarket\FreeMarket.NET\frm007001.vb　解析開始
2014/09/07 10:32:07	C:\Users\PASEO\Desktop\Paseo\02_ソース\次期システム\Freemarket\FreeMarket.NET\frm007001.vb
2014/09/07 10:32:07	
2014/09/07 10:32:07	C:\Users\PASEO\Desktop\Paseo\02_ソース\次期システム\Freemarket\FreeMarket.NET\frm007008.vb　解析開始
2014/09/07 10:32:07	C:\Users\PASEO\Desktop\Paseo\02_ソース\次期システム\Freemarket\FreeMarket.NET\frm007008.vb
2014/09/07 10:32:07	
2014/09/07 10:32:07	C:\Users\PASEO\Desktop\Paseo\02_ソース\次期システム\Freemarket\FreeMarket.NET\frm007009.vb　解析開始
2014/09/07 10:32:07	C:\Users\PASEO\Desktop\Paseo\02_ソース\次期システム\Freemarket\FreeMarket.NET\frm007009.vb
